---------------------------------------------
Log D:\SteamLibrary\steamapps\common\DayZServer\profiles\crash_2025-01-20_14-14-57.log started at 20.01. 14:15:40



------------------------------------
DESKTOP-3RPGD03, 20.01 2025 14:15:40
[::JsonLoadFile] :: [ERROR] :: Cannot load data from "$profile:DM\Settings.json":
JSON ERROR:
Reading variable: data
Expecting instance
Reading variable: m_trails
Expecting array
At index 0, Expecting instance
Reading variable: m_points
Expecting array
At index 0, Expecting vector
Is not json array

Function: 'JsonLoadFile'
Stack trace:
scripts/3_Game/tools\jsonfileloader.c:131
DeathMatch/Scripts/5_Mission/mission\missionserver.c:35

Runtime mode
CLI params: config serverDZ.cfg port 2302 mod @CF;@Tactical Flava;@Forward Operator Gear;@BodyBags;@sFramework;@sGunplay;@SuppressionMod;@sVisual;@VPPAdminTools;@Tarkov Medicine (Breathe mods);@DayZ Editor Loader;@Dabs Framework;@BuilderItems;@DeathMatch profiles profiles BEpath D:\SteamLibrary\steamapps\common\DayZServer\battleye 
