---------------------------------------------
Log D:\SteamLibrary\steamapps\common\DayZServer\profiles\crash_2025-01-20_02-20-36.log started at 20.01. 02:26:26



------------------------------------
DESKTOP-3RPGD03, 20.01 2025 02:26:26
NULL pointer to instance when trying to access variable 'm_healthOutOfZoneDmg' (Parent instance is null)
Class:      'SurvivorBase'
Entity name:'76561199221059231' id:3003550

Function: 'DM_RefillStats'
Stack trace:
DeathMatch/Scripts/4_World/playerbase.c:257
DeathMatch/Scripts/4_World/playerbase.c:75
scripts/4_World/entities\manbase\playerbase.c:2793
scripts/5_Mission/mission\missionserver.c:716
scripts/5_Mission/mission\missionserver.c:97
JM/CF/Scripts/5_Mission/communityframework\mission\missionserver.c:58
DeathMatch/Scripts/5_Mission/mission\missionserver.c:264
scripts/3_Game/dayzgame.c:2881
JM/CF/Scripts/3_Game/communityframework\game\dayzgame.c:23
VPPAdminTools/3_Game/vppadmintools\vanillaplusplus.c:211

Runtime mode
CLI params: config serverDZ.cfg port 2302 mod @CF;@Tactical Flava;@Forward Operator Gear;@BodyBags;@sFramework;@sGunplay;@SuppressionMod;@sVisual;@VPPAdminTools;@Tarkov Medicine (Breathe mods);@DeathMatch profiles profiles BEpath D:\SteamLibrary\steamapps\common\DayZServer\battleye 


------------------------------------
DESKTOP-3RPGD03, 20.01 2025 02:26:26
NULL pointer to instance when trying to access variable 'm_clearDroppedItemsOnGround' (Parent instance is null)
Class:      'SurvivorBase'
Entity name:'76561199221059231' id:3003550

Function: 'DM_ClearItems'
Stack trace:
DeathMatch/Scripts/4_World/playerbase.c:349
DeathMatch/Scripts/4_World/playerbase.c:78
scripts/4_World/entities\manbase\playerbase.c:2793
scripts/5_Mission/mission\missionserver.c:716
scripts/5_Mission/mission\missionserver.c:97
JM/CF/Scripts/5_Mission/communityframework\mission\missionserver.c:58
DeathMatch/Scripts/5_Mission/mission\missionserver.c:264
scripts/3_Game/dayzgame.c:2881
JM/CF/Scripts/3_Game/communityframework\game\dayzgame.c:23
VPPAdminTools/3_Game/vppadmintools\vanillaplusplus.c:211

Runtime mode
CLI params: config serverDZ.cfg port 2302 mod @CF;@Tactical Flava;@Forward Operator Gear;@BodyBags;@sFramework;@sGunplay;@SuppressionMod;@sVisual;@VPPAdminTools;@Tarkov Medicine (Breathe mods);@DeathMatch profiles profiles BEpath D:\SteamLibrary\steamapps\common\DayZServer\battleye 


------------------------------------
DESKTOP-3RPGD03, 20.01 2025 02:26:26
NULL pointer to instance when trying to access variable 'm_healthOutOfZoneDmg' (Parent instance is null)
Class:      'SurvivorBase'
Entity name:'76561199221059231' id:3003550

Function: 'DM_RefillStats'
Stack trace:
DeathMatch/Scripts/4_World/playerbase.c:257
DeathMatch/Scripts/4_World/playerbase.c:75
scripts/4_World/entities\manbase\playerbase.c:2793
scripts/5_Mission/mission\missionserver.c:716
scripts/5_Mission/mission\missionserver.c:97
JM/CF/Scripts/5_Mission/communityframework\mission\missionserver.c:58
DeathMatch/Scripts/5_Mission/mission\missionserver.c:264
scripts/3_Game/dayzgame.c:2881
JM/CF/Scripts/3_Game/communityframework\game\dayzgame.c:23
VPPAdminTools/3_Game/vppadmintools\vanillaplusplus.c:211

Runtime mode
CLI params: config serverDZ.cfg port 2302 mod @CF;@Tactical Flava;@Forward Operator Gear;@BodyBags;@sFramework;@sGunplay;@SuppressionMod;@sVisual;@VPPAdminTools;@Tarkov Medicine (Breathe mods);@DeathMatch profiles profiles BEpath D:\SteamLibrary\steamapps\common\DayZServer\battleye 


------------------------------------
DESKTOP-3RPGD03, 20.01 2025 02:26:26
NULL pointer to instance when trying to access variable 'm_clearDroppedItemsOnGround' (Parent instance is null)
Class:      'SurvivorBase'
Entity name:'76561199221059231' id:3003550

Function: 'DM_ClearItems'
Stack trace:
DeathMatch/Scripts/4_World/playerbase.c:349
DeathMatch/Scripts/4_World/playerbase.c:78
scripts/4_World/entities\manbase\playerbase.c:2793
scripts/5_Mission/mission\missionserver.c:716
scripts/5_Mission/mission\missionserver.c:97
JM/CF/Scripts/5_Mission/communityframework\mission\missionserver.c:58
DeathMatch/Scripts/5_Mission/mission\missionserver.c:264
scripts/3_Game/dayzgame.c:2881
JM/CF/Scripts/3_Game/communityframework\game\dayzgame.c:23
VPPAdminTools/3_Game/vppadmintools\vanillaplusplus.c:211

Runtime mode
CLI params: config serverDZ.cfg port 2302 mod @CF;@Tactical Flava;@Forward Operator Gear;@BodyBags;@sFramework;@sGunplay;@SuppressionMod;@sVisual;@VPPAdminTools;@Tarkov Medicine (Breathe mods);@DeathMatch profiles profiles BEpath D:\SteamLibrary\steamapps\common\DayZServer\battleye 


------------------------------------
DESKTOP-3RPGD03, 20.01 2025 02:26:26
NULL pointer to instance when trying to access variable 'm_healthOutOfZoneDmg' (Parent instance is null)
Class:      'SurvivorBase'
Entity name:'76561199221059231' id:3003550

Function: 'DM_RefillStats'
Stack trace:
DeathMatch/Scripts/4_World/playerbase.c:257
DeathMatch/Scripts/4_World/playerbase.c:75
scripts/4_World/entities\manbase\playerbase.c:2793
scripts/5_Mission/mission\missionserver.c:716
scripts/5_Mission/mission\missionserver.c:97
JM/CF/Scripts/5_Mission/communityframework\mission\missionserver.c:58
DeathMatch/Scripts/5_Mission/mission\missionserver.c:264
scripts/3_Game/dayzgame.c:2881
JM/CF/Scripts/3_Game/communityframework\game\dayzgame.c:23
VPPAdminTools/3_Game/vppadmintools\vanillaplusplus.c:211

Runtime mode
CLI params: config serverDZ.cfg port 2302 mod @CF;@Tactical Flava;@Forward Operator Gear;@BodyBags;@sFramework;@sGunplay;@SuppressionMod;@sVisual;@VPPAdminTools;@Tarkov Medicine (Breathe mods);@DeathMatch profiles profiles BEpath D:\SteamLibrary\steamapps\common\DayZServer\battleye 


------------------------------------
DESKTOP-3RPGD03, 20.01 2025 02:26:26
NULL pointer to instance when trying to access variable 'm_deadBodyDespawnTime' (Parent instance is null)
Class:      'SurvivorBase'
Entity id:3003550

Function: 'EEKilled'
Stack trace:
DeathMatch/Scripts/4_World/playerbase.c:181

Runtime mode
CLI params: config serverDZ.cfg port 2302 mod @CF;@Tactical Flava;@Forward Operator Gear;@BodyBags;@sFramework;@sGunplay;@SuppressionMod;@sVisual;@VPPAdminTools;@Tarkov Medicine (Breathe mods);@DeathMatch profiles profiles BEpath D:\SteamLibrary\steamapps\common\DayZServer\battleye 


------------------------------------
DESKTOP-3RPGD03, 20.01 2025 02:26:26
NULL pointer to instance when trying to access variable 'm_clearDroppedItemsOnGround' (Parent instance is null)
Class:      'SurvivorBase'
Entity id:3003550

Function: 'DM_ClearItems'
Stack trace:
DeathMatch/Scripts/4_World/playerbase.c:349
DeathMatch/Scripts/4_World/playerbase.c:78
scripts/4_World/entities\manbase\playerbase.c:2793
scripts/5_Mission/mission\missionserver.c:716
scripts/5_Mission/mission\missionserver.c:97
JM/CF/Scripts/5_Mission/communityframework\mission\missionserver.c:58
DeathMatch/Scripts/5_Mission/mission\missionserver.c:264
scripts/3_Game/dayzgame.c:2881
JM/CF/Scripts/3_Game/communityframework\game\dayzgame.c:23
VPPAdminTools/3_Game/vppadmintools\vanillaplusplus.c:211

Runtime mode
CLI params: config serverDZ.cfg port 2302 mod @CF;@Tactical Flava;@Forward Operator Gear;@BodyBags;@sFramework;@sGunplay;@SuppressionMod;@sVisual;@VPPAdminTools;@Tarkov Medicine (Breathe mods);@DeathMatch profiles profiles BEpath D:\SteamLibrary\steamapps\common\DayZServer\battleye 
