---------------------------------------------
Log D:\SteamLibrary\steamapps\common\DayZServer\profiles\crash_2025-01-19_23-41-56.log started at 20.01. 01:20:26



------------------------------------
DESKTOP-3RPGD03, 20.01 2025 01:20:26
Unhandled exception

Program: D:\SteamLibrary\steamapps\common\DayZServer\DayZServer_x64.exe
Reason: SEH exception thrown. Exception code: 0xc0000374 at 0x7ffbaad8f3c9

[RtlIsZeroMemory]: ??? addr:0x7ffbaad8f3c9
[RtlIsZeroMemory]: ??? addr:0x7ffbaad8f393
[RtlpNtSetValueKey]: ??? addr:0x7ffbaad98112
[RtlpNtSetValueKey]: ??? addr:0x7ffbaad983fa
[RtlpNtSetValueKey]: ??? addr:0x7ffbaad9e081
[RtlSizeHeap]: ??? addr:0x7ffbaacb422f
SymGetSymFromAddr:487, addr:0x7ff679c74559
SymGetSymFromAddr:487, addr:0x7ff679c667d3
SymGetSymFromAddr:487, addr:0x7ff679c48fc3
SymGetSymFromAddr:487, addr:0x7ff679c49204
[CDPCreateServer]: ??? addr:0x7ff67a11c614
[CDPCreateServer]: ??? addr:0x7ff67a309e0e
[CDPCreateServer]: ??? addr:0x7ff67a30a5f9
SymGetSymFromAddr:487, addr:0x7ff679d5061d
[CDPCreateServer]: ??? addr:0x7ff67a30ab04
SymGetSymFromAddr:487, addr:0x7ff679d5c17d
[CDPCreateServer]: ??? addr:0x7ff67a312676
SymGetSymFromAddr:487, addr:0x7ff679e7667b
[CDPCreateServer]: ??? addr:0x7ff67a462622
[BaseThreadInitThunk]: ??? addr:0x7ffba97d7374
[RtlUserThreadStart]: ??? addr:0x7ffbaacdcc91
[RtlUserThreadStart]: ??? addr:0x7ffbaacdcc91



Runtime mode
CLI params: config serverDZ.cfg port 2302 mod @CF;@Tactical Flava;@Forward Operator Gear;@BodyBags;@sFramework;@sGunplay;@SuppressionMod;@sVisual;@VPPAdminTools;@Tarkov Medicine (Breathe mods) profiles profiles BEpath D:\SteamLibrary\steamapps\common\DayZServer\battleye 
