=====================================================================
== D:\SteamLibrary\steamapps\common\DayZServer\DayZServer_x64.exe
== DayZServer_x64.exe -config=serverDZ.cfg -port=2302 "-mod=@CF;@Tactical Flava;@Forward Operator Gear;@BodyBags;@sFramework;@sGunplay;@SuppressionMod;@sVisual;@VPPAdminTools;@Tarkov Medicine (Breathe mods);@DayZ Editor Loader;@Dabs Framework;@BuilderItems;@DeathMatch" -profiles=profiles "-BEpath=D:\SteamLibrary\steamapps\common\DayZServer\battleye"
=====================================================================
Exe timestamp: 2025/01/19 22:17:47
Current time:  2025/01/20 14:15:00
Version 1.26.159040
=====================================================================

14:15:00.559 [Inputs] Loading inputs default "bin/constants.xml"
14:15:00.563 [Inputs] Loading inputs default "bin/specific.xml"
14:15:00.564 [Inputs] Loading inputs default "EditorLoader/Scripts/Inputs.xml"
14:15:00.564 [Inputs] Loading inputs default "MyMODS/sGunplay/scripts/data/inputs.xml"
14:15:00.564 [Inputs] Loading inputs default "script_a/Inputs.xml"
14:15:00.564 [Inputs] Loading inputs default "VPPAdminTools/data/modded_Inputs.xml"
14:15:00.565 [Inputs] Loading inputs default "DeathMatch/Inputs/inputs.xml"
14:15:00.565 [Inputs] Loading inputs default "FOG_MOD/Scripts/Data/inputs.xml"
14:15:00.565 [Inputs] Loading inputs cfg "profiles\Users\Survivor\Server.core.xml"
14:15:00.565 !!! [Inputs] Cannot read inputs cfg "profiles\Users\Survivor\Server.core.xml", parser error
14:15:00.566 [Inputs] Loading inputs cfg "bin/core.xml"
14:15:00.566 !!! [Inputs] Cannot load input preset "#STR_USER", file does not exist
14:15:00.568 [Inputs] Exporting inputs cfg "profiles\Users\Survivor\Server.core.xml"
14:15:18.221 Hostname of server: "EXAMPLE NAME"
14:15:41.29 Player connect enabled
14:27:31.641 [Login]: Adding player Leonid Astapev (449540977) to login queue at position 0
14:27:31.662 [LoginMachine]: Add player Leonid Astapev (449540977 26.114.104.113:50565)
14:27:31.662 [StateMachine]: Player Leonid Astapev (dpnid 449540977 uid ) Entering AuthPlayerLoginState
14:27:31.841 [StateMachine]: Player Leonid Astapev (dpnid 449540977 uid ) Entering WaitAuthPlayerLoginState
14:27:35.47 Подключился игрок Leonid Astapev (id=kO9sUGuazfYaOJGiQPifxsBR7Z_UNJbfq0h4tnNq2So=).
14:27:35.47 Player "Leonid Astapev"(steamID=76561199221059231) is connected
14:27:35.47 [StateMachine]: Player Leonid Astapev (dpnid 449540977 uid ) Entering WaitPlayerAssignedLoginState
14:27:36.514 [StateMachine]: Player Leonid Astapev (dpnid 449540977 uid ) Entering PlayerAssignedLoginState
14:27:36.525 [StateMachine]: Player Leonid Astapev (dpnid 449540977 uid kO9sUGuazfYaOJGiQPifxsBR7Z_UNJbfq0h4tnNq2So=) Entering CreateNetObjectsLoginState
14:27:36.525 [StateMachine]: Player Leonid Astapev (dpnid 449540977 uid kO9sUGuazfYaOJGiQPifxsBR7Z_UNJbfq0h4tnNq2So=) Entering PreloadCamLoginState
14:27:36.549 [StateMachine]: Player Leonid Astapev (dpnid 449540977 uid kO9sUGuazfYaOJGiQPifxsBR7Z_UNJbfq0h4tnNq2So=) Entering WaitPreloadCamLoginState
14:27:57.208 [StateMachine]: Player Leonid Astapev (dpnid 449540977 uid kO9sUGuazfYaOJGiQPifxsBR7Z_UNJbfq0h4tnNq2So=) Entering GetNewCharLoginState
14:28:06.314 <CREATE NEW CHAR>:
    charID 0
    playerID 0
    dpnid 449540977
    uid kO9sUGuazfYaOJGiQPifxsBR7Z_UNJbfq0h4tnNq2So=
14:33:48.170 [Disconnect]: Start script disconnect 449540977 (dbCharacterId 0 dbPlayerId 0) logoutTime 15
14:33:48.170 [Disconnect]: Finish script disconnect 449540977 (kO9sUGuazfYaOJGiQPifxsBR7Z_UNJbfq0h4tnNq2So=)
14:33:48.190 [Disconnect]: DisconnectPlayerFinish 449540977
14:33:48.466 [Disconnect]: Remove player info 449540977
14:33:48.468 [Disconnect]: Player destroy 449540977 
14:33:57.132  --- Termination successfully completed --- 
