=====================================================================
== D:\SteamLibrary\steamapps\common\DayZServer\DayZServer_x64.exe
== DayZServer_x64.exe -config=serverDZ.cfg -port=2302 "-mod=@CF;@Tactical Flava;@Forward Operator Gear;@BodyBags;@sFramework;@sGunplay;@SuppressionMod;@sVisual;@VPPAdminTools;@Tarkov Medicine (Breathe mods);@DayZ Editor Loader;@Dabs Framework;@DayZ-Editor" -profiles=profiles "-BEpath=D:\SteamLibrary\steamapps\common\DayZServer\battleye"
=====================================================================
Exe timestamp: 2025/01/19 22:17:47
Current time:  2025/01/20 13:56:16
Version 1.26.159040
=====================================================================

13:56:16.716 [Inputs] Loading inputs default "bin/constants.xml"
13:56:16.730 [Inputs] Loading inputs default "bin/specific.xml"
13:56:16.731 [Inputs] Loading inputs default "EditorLoader/Scripts/Inputs.xml"
13:56:16.731 [Inputs] Loading inputs default "MyMODS/sGunplay/scripts/data/inputs.xml"
13:56:16.731 [Inputs] Loading inputs default "script_a/Inputs.xml"
13:56:16.732 [Inputs] Loading inputs default "VPPAdminTools/data/modded_Inputs.xml"
13:56:16.733 [Inputs] Loading inputs default "DayZEditor/Scripts/Data/Inputs.xml"
13:56:16.745 [Inputs] Loading inputs default "FOG_MOD/Scripts/Data/inputs.xml"
13:56:16.745 [Inputs] Loading inputs cfg "profiles\Users\Survivor\Server.core.xml"
13:56:16.745 !!! [Inputs] Cannot read inputs cfg "profiles\Users\Survivor\Server.core.xml", parser error
13:56:16.745 [Inputs] Loading inputs cfg "bin/core.xml"
13:56:16.746 !!! [Inputs] Cannot load input preset "#STR_USER", file does not exist
13:56:16.747 [Inputs] Exporting inputs cfg "profiles\Users\Survivor\Server.core.xml"
13:56:33.470 Hostname of server: "EXAMPLE NAME"
13:57:00.475 [CE][Hive] :: Initializing OFFLINE
13:57:00.475 [StorageDirs] :: Selected storage directory: D:\SteamLibrary\steamapps\common\DayZServer\mpmissions\dayzOffline.chernarusplus\storage_1\
13:57:00.475 [CE][Hive] :: Loading core data ... 
13:57:00.485 [CE][CoreData] :: 8 root classes, 18 defaults, 0 updaters...
13:57:14.532 [CE] :: WARNING :: Preset map "optics" is EMPTY.
13:57:14.535 [CE][TypeSetup] :: 553 classes setuped...
13:57:17.06 [CE][RegisterBind] :: 0 classes binded...
13:57:17.07 [CE][RegisterConfig] :: 13433 config classes registered, 0 sub-counters...
13:57:17.07 [CE][Hive] :: Loading map data ... 
13:57:17.21 [CE][IgnoreList] "cfgignorelist.xml" :: loaded 19 types
13:57:17.112 [CE][LoadPrototype] :: loaded 426 prototypes
13:57:17.112   822 containers, 10876 points
13:57:17.112   71 dispatches, 250 proxies
13:57:17.112 !!! [CE][LoadPrototype] 5 groups have no points...
13:57:17.112 [CE][LoadPrototype] :: last group name: StaticObj_Misc_SupplyBox3_DE...
13:57:17.129 [CE][LoadPrototype] :: loaded 0 prototypes
13:57:17.129   55 containers, 232 points
13:57:17.129   0 dispatches, 0 proxies
13:57:17.129 [CE][LoadPrototype] :: last group name: Rail9...
13:57:18.76 [CE][LoadMap] "Group" :: loaded 11680 groups, groups failed: 0, largest group range: 34.2
13:57:18.80 [CE][LoadMap] "Dirt" :: loaded 0 groups, groups failed: 0, largest group range: 34.2
13:57:18.521 [CE][Links] found 1950 total links between groups, of 11680
13:57:18.521 [CE][LoadClusters] "Cluster" :: Loading files...
13:57:18.751 [CE][LoadClusters] :: file: "mapgroupcluster.xml", 9 types, 50000 instances
13:57:18.970 [CE][LoadClusters] :: file: "mapgroupcluster01", 9 types, 50000 instances
13:57:19.206 [CE][LoadClusters] :: file: "mapgroupcluster02", 9 types, 50000 instances
13:57:19.438 [CE][LoadClusters] :: file: "mapgroupcluster03", 9 types, 50000 instances
13:57:19.520 [CE][LoadClusters] :: file: "mapgroupcluster04", 9 types, 17373 instances
13:57:19.538 [CE][Storage] ver:21 stamp:417, valid:yes, name:"D:\SteamLibrary\steamapps\common\DayZServer\mpmissions\dayzOffline.chernarusplus\storage_1\data\types.bin"
13:57:19.541 [CE][Storage] ver:21 stamp:414, valid:yes, name:"D:\SteamLibrary\steamapps\common\DayZServer\mpmissions\dayzOffline.chernarusplus\storage_1\data\types.001"
13:57:19.547 [CE][Storage] ver:21 stamp:415, valid:yes, name:"D:\SteamLibrary\steamapps\common\DayZServer\mpmissions\dayzOffline.chernarusplus\storage_1\data\types.002"
13:57:19.547 [CE][Storage] Restoring file "D:\SteamLibrary\steamapps\common\DayZServer\mpmissions\dayzOffline.chernarusplus\storage_1\data\types.bin".
13:57:19.738 !!! [CE][offlineDB] :: No Shutdown message present.
13:57:19.749 [CE][offlineDB] :: Loaded 50 dynamic events 235 total types.
13:57:19.795 !!! [CE][offlineDB] :: Type 'ChristmasTree' will be ignored. (Not spawnable. (Scope is not public?))
13:57:19.797 !!! [CE][offlineDB] :: Type 'Static_FrozenScientist_DE' will be ignored. (Type does not exist. (Typo?))
13:57:20.134 !!! [CE][DE][SPAWNS] :: [WARNING] :: Skipping entry for non-existing event 'VehicleTransitBus'.
13:57:20.134 [CE][DE][SPAWNS] :: Total positions: 1038
13:57:20.134 [CE][DE][GROUPS] :: Total eventgroups defined: 83, Eventgroups in use: 83
13:57:20.142 [CE][Storage] ver:25 stamp:417, valid:yes, name:"D:\SteamLibrary\steamapps\common\DayZServer\mpmissions\dayzOffline.chernarusplus\storage_1\data\events.bin"
13:57:20.155 [CE][Storage] ver:25 stamp:414, valid:yes, name:"D:\SteamLibrary\steamapps\common\DayZServer\mpmissions\dayzOffline.chernarusplus\storage_1\data\events.001"
13:57:20.157 [CE][Storage] ver:25 stamp:415, valid:yes, name:"D:\SteamLibrary\steamapps\common\DayZServer\mpmissions\dayzOffline.chernarusplus\storage_1\data\events.002"
13:57:20.157 [CE][Storage] Restoring file "D:\SteamLibrary\steamapps\common\DayZServer\mpmissions\dayzOffline.chernarusplus\storage_1\data\events.bin".
13:57:20.157 [CE][DynamicEvent] Load  Events:[50] Primary spawners: 50 Secondary spawners: 4
13:57:20.176 [CE][Storage] ver:25 stamp:417, valid:yes, name:"D:\SteamLibrary\steamapps\common\DayZServer\mpmissions\dayzOffline.chernarusplus\storage_1\data\dynamic_000.bin"
13:57:20.181 [CE][Storage] ver:25 stamp:414, valid:yes, name:"D:\SteamLibrary\steamapps\common\DayZServer\mpmissions\dayzOffline.chernarusplus\storage_1\data\dynamic_000.001"
13:57:20.183 [CE][Storage] ver:25 stamp:415, valid:yes, name:"D:\SteamLibrary\steamapps\common\DayZServer\mpmissions\dayzOffline.chernarusplus\storage_1\data\dynamic_000.002"
13:57:20.184 [CE][Storage] Restoring file "D:\SteamLibrary\steamapps\common\DayZServer\mpmissions\dayzOffline.chernarusplus\storage_1\data\dynamic_000.bin" 916 items.
13:57:21.236   916 items loaded. (0 failed)
13:57:21.260 [CE][Storage] ver:25 stamp:417, valid:yes, name:"D:\SteamLibrary\steamapps\common\DayZServer\mpmissions\dayzOffline.chernarusplus\storage_1\data\dynamic_001.bin"
13:57:21.289 [CE][Storage] ver:25 stamp:414, valid:yes, name:"D:\SteamLibrary\steamapps\common\DayZServer\mpmissions\dayzOffline.chernarusplus\storage_1\data\dynamic_001.001"
13:57:21.297 [CE][Storage] ver:25 stamp:415, valid:yes, name:"D:\SteamLibrary\steamapps\common\DayZServer\mpmissions\dayzOffline.chernarusplus\storage_1\data\dynamic_001.002"
13:57:21.297 [CE][Storage] Restoring file "D:\SteamLibrary\steamapps\common\DayZServer\mpmissions\dayzOffline.chernarusplus\storage_1\data\dynamic_001.bin" 1757 items.
13:57:22.495   1757 items loaded. (0 failed)
13:57:22.511 [CE][Storage] ver:25 stamp:417, valid:yes, name:"D:\SteamLibrary\steamapps\common\DayZServer\mpmissions\dayzOffline.chernarusplus\storage_1\data\dynamic_002.bin"
13:57:22.517 [CE][Storage] ver:25 stamp:414, valid:yes, name:"D:\SteamLibrary\steamapps\common\DayZServer\mpmissions\dayzOffline.chernarusplus\storage_1\data\dynamic_002.001"
13:57:22.527 [CE][Storage] ver:25 stamp:415, valid:yes, name:"D:\SteamLibrary\steamapps\common\DayZServer\mpmissions\dayzOffline.chernarusplus\storage_1\data\dynamic_002.002"
13:57:22.527 [CE][Storage] Restoring file "D:\SteamLibrary\steamapps\common\DayZServer\mpmissions\dayzOffline.chernarusplus\storage_1\data\dynamic_002.bin" 2475 items.
13:57:23.931   2475 items loaded. (0 failed)
13:57:23.948 [CE][Storage] ver:25 stamp:417, valid:yes, name:"D:\SteamLibrary\steamapps\common\DayZServer\mpmissions\dayzOffline.chernarusplus\storage_1\data\dynamic_003.bin"
13:57:23.961 [CE][Storage] ver:25 stamp:414, valid:yes, name:"D:\SteamLibrary\steamapps\common\DayZServer\mpmissions\dayzOffline.chernarusplus\storage_1\data\dynamic_003.001"
13:57:23.982 [CE][Storage] ver:25 stamp:415, valid:yes, name:"D:\SteamLibrary\steamapps\common\DayZServer\mpmissions\dayzOffline.chernarusplus\storage_1\data\dynamic_003.002"
13:57:23.982 [CE][Storage] Restoring file "D:\SteamLibrary\steamapps\common\DayZServer\mpmissions\dayzOffline.chernarusplus\storage_1\data\dynamic_003.bin" 2021 items.
13:57:25.216   2021 items loaded. (0 failed)
13:57:25.217 [CE][Storage] ver:25 stamp:417, valid:yes, name:"D:\SteamLibrary\steamapps\common\DayZServer\mpmissions\dayzOffline.chernarusplus\storage_1\data\dynamic_004.bin"
13:57:25.237 [CE][Storage] ver:25 stamp:414, valid:yes, name:"D:\SteamLibrary\steamapps\common\DayZServer\mpmissions\dayzOffline.chernarusplus\storage_1\data\dynamic_004.001"
13:57:25.245 [CE][Storage] ver:25 stamp:415, valid:yes, name:"D:\SteamLibrary\steamapps\common\DayZServer\mpmissions\dayzOffline.chernarusplus\storage_1\data\dynamic_004.002"
13:57:25.245 [CE][Storage] Restoring file "D:\SteamLibrary\steamapps\common\DayZServer\mpmissions\dayzOffline.chernarusplus\storage_1\data\dynamic_004.bin" 1790 items.
13:57:26.286   1790 items loaded. (0 failed)
13:57:26.308 [CE][Storage] ver:25 stamp:417, valid:yes, name:"D:\SteamLibrary\steamapps\common\DayZServer\mpmissions\dayzOffline.chernarusplus\storage_1\data\dynamic_005.bin"
13:57:26.313 [CE][Storage] ver:25 stamp:414, valid:yes, name:"D:\SteamLibrary\steamapps\common\DayZServer\mpmissions\dayzOffline.chernarusplus\storage_1\data\dynamic_005.001"
13:57:26.317 [CE][Storage] ver:25 stamp:415, valid:yes, name:"D:\SteamLibrary\steamapps\common\DayZServer\mpmissions\dayzOffline.chernarusplus\storage_1\data\dynamic_005.002"
13:57:26.317 [CE][Storage] Restoring file "D:\SteamLibrary\steamapps\common\DayZServer\mpmissions\dayzOffline.chernarusplus\storage_1\data\dynamic_005.bin" 2177 items.
13:57:27.739   2177 items loaded. (0 failed)
13:57:27.741 [CE][Storage] ver:25 stamp:417, valid:yes, name:"D:\SteamLibrary\steamapps\common\DayZServer\mpmissions\dayzOffline.chernarusplus\storage_1\data\dynamic_006.bin"
13:57:27.747 [CE][Storage] ver:25 stamp:414, valid:yes, name:"D:\SteamLibrary\steamapps\common\DayZServer\mpmissions\dayzOffline.chernarusplus\storage_1\data\dynamic_006.001"
13:57:27.750 [CE][Storage] ver:25 stamp:415, valid:yes, name:"D:\SteamLibrary\steamapps\common\DayZServer\mpmissions\dayzOffline.chernarusplus\storage_1\data\dynamic_006.002"
13:57:27.750 [CE][Storage] Restoring file "D:\SteamLibrary\steamapps\common\DayZServer\mpmissions\dayzOffline.chernarusplus\storage_1\data\dynamic_006.bin" 1503 items.
13:57:28.658   1503 items loaded. (0 failed)
13:57:28.661 [CE][Storage] ver:25 stamp:417, valid:yes, name:"D:\SteamLibrary\steamapps\common\DayZServer\mpmissions\dayzOffline.chernarusplus\storage_1\data\dynamic_007.bin"
13:57:28.665 [CE][Storage] ver:25 stamp:414, valid:yes, name:"D:\SteamLibrary\steamapps\common\DayZServer\mpmissions\dayzOffline.chernarusplus\storage_1\data\dynamic_007.001"
13:57:28.673 [CE][Storage] ver:25 stamp:415, valid:yes, name:"D:\SteamLibrary\steamapps\common\DayZServer\mpmissions\dayzOffline.chernarusplus\storage_1\data\dynamic_007.002"
13:57:28.673 [CE][Storage] Restoring file "D:\SteamLibrary\steamapps\common\DayZServer\mpmissions\dayzOffline.chernarusplus\storage_1\data\dynamic_007.bin" 1592 items.
13:57:30.450   1592 items loaded. (0 failed)
13:57:30.465 [CE][Storage] ver:25 stamp:417, valid:yes, name:"D:\SteamLibrary\steamapps\common\DayZServer\mpmissions\dayzOffline.chernarusplus\storage_1\data\dynamic_008.bin"
13:57:30.468 [CE][Storage] ver:25 stamp:414, valid:yes, name:"D:\SteamLibrary\steamapps\common\DayZServer\mpmissions\dayzOffline.chernarusplus\storage_1\data\dynamic_008.001"
13:57:30.470 [CE][Storage] ver:25 stamp:415, valid:yes, name:"D:\SteamLibrary\steamapps\common\DayZServer\mpmissions\dayzOffline.chernarusplus\storage_1\data\dynamic_008.002"
13:57:30.470 [CE][Storage] Restoring file "D:\SteamLibrary\steamapps\common\DayZServer\mpmissions\dayzOffline.chernarusplus\storage_1\data\dynamic_008.bin" 2187 items.
13:57:31.953   2187 items loaded. (0 failed)
13:57:31.964 [CE][Storage] ver:25 stamp:417, valid:yes, name:"D:\SteamLibrary\steamapps\common\DayZServer\mpmissions\dayzOffline.chernarusplus\storage_1\data\dynamic_009.bin"
13:57:31.969 [CE][Storage] ver:25 stamp:414, valid:yes, name:"D:\SteamLibrary\steamapps\common\DayZServer\mpmissions\dayzOffline.chernarusplus\storage_1\data\dynamic_009.001"
13:57:31.978 [CE][Storage] ver:25 stamp:415, valid:yes, name:"D:\SteamLibrary\steamapps\common\DayZServer\mpmissions\dayzOffline.chernarusplus\storage_1\data\dynamic_009.002"
13:57:31.978 [CE][Storage] Restoring file "D:\SteamLibrary\steamapps\common\DayZServer\mpmissions\dayzOffline.chernarusplus\storage_1\data\dynamic_009.bin" 2702 items.
13:57:33.791   2702 items loaded. (0 failed)
13:57:33.810 [CE][Storage] ver:25 stamp:417, valid:yes, name:"D:\SteamLibrary\steamapps\common\DayZServer\mpmissions\dayzOffline.chernarusplus\storage_1\data\dynamic_010.bin"
13:57:33.815 [CE][Storage] ver:25 stamp:414, valid:yes, name:"D:\SteamLibrary\steamapps\common\DayZServer\mpmissions\dayzOffline.chernarusplus\storage_1\data\dynamic_010.001"
13:57:33.821 [CE][Storage] ver:25 stamp:415, valid:yes, name:"D:\SteamLibrary\steamapps\common\DayZServer\mpmissions\dayzOffline.chernarusplus\storage_1\data\dynamic_010.002"
13:57:33.821 [CE][Storage] Restoring file "D:\SteamLibrary\steamapps\common\DayZServer\mpmissions\dayzOffline.chernarusplus\storage_1\data\dynamic_010.bin" 1704 items.
13:57:35.45   1704 items loaded. (0 failed)
13:57:35.55 [CE][Storage] ver:25 stamp:417, valid:yes, name:"D:\SteamLibrary\steamapps\common\DayZServer\mpmissions\dayzOffline.chernarusplus\storage_1\data\dynamic_011.bin"
13:57:35.66 [CE][Storage] ver:25 stamp:414, valid:yes, name:"D:\SteamLibrary\steamapps\common\DayZServer\mpmissions\dayzOffline.chernarusplus\storage_1\data\dynamic_011.001"
13:57:35.79 [CE][Storage] ver:25 stamp:415, valid:yes, name:"D:\SteamLibrary\steamapps\common\DayZServer\mpmissions\dayzOffline.chernarusplus\storage_1\data\dynamic_011.002"
13:57:35.79 [CE][Storage] Restoring file "D:\SteamLibrary\steamapps\common\DayZServer\mpmissions\dayzOffline.chernarusplus\storage_1\data\dynamic_011.bin" 161 items.
13:57:35.202   161 items loaded. (0 failed)
13:57:35.202 [CE][Storage] ver:26 stamp:417, valid:yes, name:"D:\SteamLibrary\steamapps\common\DayZServer\mpmissions\dayzOffline.chernarusplus\storage_1\data\building.bin"
13:57:35.202 [CE][Storage] ver:26 stamp:414, valid:yes, name:"D:\SteamLibrary\steamapps\common\DayZServer\mpmissions\dayzOffline.chernarusplus\storage_1\data\building.001"
13:57:35.203 [CE][Storage] ver:26 stamp:415, valid:yes, name:"D:\SteamLibrary\steamapps\common\DayZServer\mpmissions\dayzOffline.chernarusplus\storage_1\data\building.002"
13:57:35.203 [CE][Storage] Restoring file "D:\SteamLibrary\steamapps\common\DayZServer\mpmissions\dayzOffline.chernarusplus\storage_1\data\building.bin" 0 items.
13:57:35.203   0 items loaded. (0 failed)
13:57:35.215 [CE][Storage] ver:25 stamp:417, valid:yes, name:"D:\SteamLibrary\steamapps\common\DayZServer\mpmissions\dayzOffline.chernarusplus\storage_1\data\vehicles.bin"
13:57:35.225 [CE][Storage] ver:25 stamp:414, valid:yes, name:"D:\SteamLibrary\steamapps\common\DayZServer\mpmissions\dayzOffline.chernarusplus\storage_1\data\vehicles.001"
13:57:35.238 [CE][Storage] ver:25 stamp:415, valid:yes, name:"D:\SteamLibrary\steamapps\common\DayZServer\mpmissions\dayzOffline.chernarusplus\storage_1\data\vehicles.002"
13:57:35.238 [CE][Storage] Restoring file "D:\SteamLibrary\steamapps\common\DayZServer\mpmissions\dayzOffline.chernarusplus\storage_1\data\vehicles.bin" 242 items.
13:57:36.221   242 items loaded. (0 failed)
13:57:36.235 [CE][Hive] :: Storage load took:16.08 seconds, recovery stamp:417
13:57:36.235   entity: 22736, building: 0
13:57:36.235   no lifetime: 65
13:57:36.235   pathgraph's: 527
13:57:36.235 [CE][Hive] :: Initializing ... 
13:57:36.307 [CE][InitializeMap] :: initialized: 0
13:57:36.308 [CE][Hive] :: Initializing spawners ... 
13:57:36.471 [CE][LootRespawner] (PRIDummy) :: Initially (re)spawned:0, Nominal:20645, Total in Map: 21157 at 0 (sec)
13:57:36.471   tests:0, repeats:0 fails:0, overtime:0
13:57:36.475 [CE][DynEvent] :: 50 types
13:57:36.475 [00] AmbientFox
13:57:36.475   Primary Spawner: "Ambient", active: yes, repeat: 1
13:57:36.475 [01] AmbientHare
13:57:36.475   Primary Spawner: "Ambient", active: yes, repeat: 1
13:57:36.475 [02] AmbientHen
13:57:36.475   Primary Spawner: "Ambient", active: yes, repeat: 1
13:57:36.475 [03] AnimalBear
13:57:36.475   Primary Spawner: "Animal", active: yes, repeat: 1
13:57:36.475 [04] AnimalCow
13:57:36.475   Primary Spawner: "Animal", active: yes, repeat: 1
13:57:36.475 [05] AnimalDeer
13:57:36.475   Primary Spawner: "Animal", active: yes, repeat: 1
13:57:36.475 [06] AnimalGoat
13:57:36.475   Primary Spawner: "Animal", active: yes, repeat: 1
13:57:36.475 [07] AnimalPig
13:57:36.475   Primary Spawner: "Animal", active: yes, repeat: 1
13:57:36.475 [08] AnimalRoeDeer
13:57:36.475   Primary Spawner: "Animal", active: yes, repeat: 1
13:57:36.475 [09] AnimalSheep
13:57:36.475   Primary Spawner: "Animal", active: yes, repeat: 1
13:57:36.475 [10] AnimalWildBoar
13:57:36.475   Primary Spawner: "Animal", active: yes, repeat: 1
13:57:36.475 [11] AnimalWolf
13:57:36.475   Primary Spawner: "Animal", active: yes, repeat: 1
13:57:36.475 [12] InfectedArmy
13:57:36.475   Primary Spawner: "Infected", active: yes, repeat: 1
13:57:36.475 [13] InfectedArmyHard
13:57:36.475   Primary Spawner: "Infected", active: yes, repeat: 1
13:57:36.475 [14] InfectedCity
13:57:36.475   Primary Spawner: "Infected", active: yes, repeat: 1
13:57:36.476 [15] InfectedCityTier1
13:57:36.476   Primary Spawner: "Infected", active: yes, repeat: 1
13:57:36.476 [16] InfectedFirefighter
13:57:36.476   Primary Spawner: "Infected", active: yes, repeat: 1
13:57:36.476 [17] InfectedIndustrial
13:57:36.476   Primary Spawner: "Infected", active: yes, repeat: 1
13:57:36.476 [18] InfectedMedic
13:57:36.476   Primary Spawner: "Infected", active: yes, repeat: 1
13:57:36.476 [19] InfectedNBC
13:57:36.476   Primary Spawner: "Infected", active: yes, repeat: 1
13:57:36.476 [20] InfectedPolice
13:57:36.476   Primary Spawner: "Infected", active: yes, repeat: 1
13:57:36.476 [21] InfectedPoliceHard
13:57:36.476   Primary Spawner: "Infected", active: yes, repeat: 1
13:57:36.476 [22] InfectedPrisoner
13:57:36.476   Primary Spawner: "Infected", active: yes, repeat: 1
13:57:36.476 [23] InfectedReligious
13:57:36.476   Primary Spawner: "Infected", active: yes, repeat: 1
13:57:36.476 [24] InfectedSanta
13:57:36.476   Primary Spawner: "Infected", active: yes, repeat: 1
13:57:36.476 [25] InfectedSolitude
13:57:36.476   Primary Spawner: "Infected", active: yes, repeat: 1
13:57:36.476 [26] InfectedVillage
13:57:36.476   Primary Spawner: "Infected", active: yes, repeat: 1
13:57:36.476 [27] InfectedVillageTier1
13:57:36.476   Primary Spawner: "Infected", active: yes, repeat: 1
13:57:36.476 [28] ItemPlanks
13:57:36.476   Primary Spawner: "Item", active: yes, repeat: 1
13:57:36.476 [29] Loot
13:57:36.476   Primary Spawner: "Loot", active: yes, repeat: 2
13:57:36.476 [30] StaticAirplaneCrate
13:57:36.476   Primary Spawner: "Static", active: yes, repeat: 1
13:57:36.476 [31] StaticContaminatedArea
13:57:36.476   Primary Spawner: "Static", active: yes, repeat: 1
13:57:36.476 [32] StaticHeliCrash
13:57:36.476   Primary Spawner: "Static", active: yes, repeat: 1
13:57:36.476   Secondary Spawner: "Infected", active: yes, repeat: 1
13:57:36.476 [33] StaticMilitaryConvoy
13:57:36.476   Primary Spawner: "Static", active: yes, repeat: 1
13:57:36.476   Secondary Spawner: "Infected", active: yes, repeat: 1
13:57:36.476 [34] StaticPoliceSituation
13:57:36.476   Primary Spawner: "Static", active: yes, repeat: 1
13:57:36.476   Secondary Spawner: "Infected", active: yes, repeat: 1
13:57:36.476 [35] StaticTrain
13:57:36.476   Primary Spawner: "Static", active: yes, repeat: 1
13:57:36.476   Secondary Spawner: "Infected", active: yes, repeat: 1
13:57:36.476 [36] TrajectoryApple
13:57:36.476   Primary Spawner: "Trajectory", active: yes, repeat: 1
13:57:36.476 [37] TrajectoryConiferous
13:57:36.476   Primary Spawner: "Trajectory", active: yes, repeat: 1
13:57:36.476 [38] TrajectoryDeciduous
13:57:36.476   Primary Spawner: "Trajectory", active: yes, repeat: 1
13:57:36.476 [39] TrajectoryHumus
13:57:36.476   Primary Spawner: "Trajectory", active: yes, repeat: 1
13:57:36.476 [40] TrajectoryPear
13:57:36.476   Primary Spawner: "Trajectory", active: yes, repeat: 1
13:57:36.476 [41] TrajectoryPlum
13:57:36.476   Primary Spawner: "Trajectory", active: yes, repeat: 1
13:57:36.476 [42] TrajectoryStones
13:57:36.477   Primary Spawner: "Trajectory", active: yes, repeat: 1
13:57:36.477 [43] VehicleBoat
13:57:36.477   Primary Spawner: "Vehicle", active: yes, repeat: 1
13:57:36.477 [44] VehicleCivilianSedan
13:57:36.477   Primary Spawner: "Vehicle", active: yes, repeat: 1
13:57:36.477 [45] VehicleHatchback02
13:57:36.477   Primary Spawner: "Vehicle", active: yes, repeat: 1
13:57:36.477 [46] VehicleOffroad02
13:57:36.477   Primary Spawner: "Vehicle", active: yes, repeat: 1
13:57:36.477 [47] VehicleOffroadHatchback
13:57:36.477   Primary Spawner: "Vehicle", active: yes, repeat: 1
13:57:36.477 [48] VehicleSedan02
13:57:36.477   Primary Spawner: "Vehicle", active: yes, repeat: 1
13:57:36.477 [49] VehicleTruck01
13:57:36.477   Primary Spawner: "Vehicle", active: yes, repeat: 1
13:57:36.477 [CE][Hive] :: Initializing of spawners done.
13:57:36.487 [CE][Hive] :: Init sequence finished.
13:57:36.487 Player connect enabled
13:57:37.504 [IdleMode] Entering IN - save processed
14:03:45.178  --- Termination successfully completed --- 
