=====================================================================
== D:\SteamLibrary\steamapps\common\DayZServer\DayZServer_x64.exe
== DayZServer_x64.exe -config=serverDZ.cfg -port=2302 "-mod=@CF;@Tactical Flava;@Forward Operator Gear;@BodyBags;@sFramework;@sGunplay;@SuppressionMod;@sVisual;@VPPAdminTools;@Tarkov Medicine (Breathe mods);@DayZ Editor Loader;@Dabs Framework;@DayZ-Editor" -profiles=profiles "-BEpath=D:\SteamLibrary\steamapps\common\DayZServer\battleye"
=====================================================================
Exe timestamp: 2025/01/19 22:17:47
Current time:  2025/01/20 13:54:27
Version 1.26.159040
=====================================================================

13:54:27.650 [Inputs] Loading inputs default "bin/constants.xml"
13:54:27.676 [Inputs] Loading inputs default "bin/specific.xml"
13:54:27.677 [Inputs] Loading inputs default "EditorLoader/Scripts/Inputs.xml"
13:54:27.677 [Inputs] Loading inputs default "MyMODS/sGunplay/scripts/data/inputs.xml"
13:54:27.678 [Inputs] Loading inputs default "script_a/Inputs.xml"
13:54:27.678 [Inputs] Loading inputs default "VPPAdminTools/data/modded_Inputs.xml"
13:54:27.679 [Inputs] Loading inputs default "DayZEditor/Scripts/Data/Inputs.xml"
13:54:27.692 [Inputs] Loading inputs default "FOG_MOD/Scripts/Data/inputs.xml"
13:54:27.692 [Inputs] Loading inputs cfg "profiles\Users\Survivor\Server.core.xml"
13:54:27.692 !!! [Inputs] Cannot read inputs cfg "profiles\Users\Survivor\Server.core.xml", parser error
13:54:27.692 [Inputs] Loading inputs cfg "bin/core.xml"
13:54:27.692 !!! [Inputs] Cannot load input preset "#STR_USER", file does not exist
13:54:27.694 [Inputs] Exporting inputs cfg "profiles\Users\Survivor\Server.core.xml"
13:54:45.892 Hostname of server: "EXAMPLE NAME"
13:55:10.988 [CE][Hive] :: Initializing OFFLINE
13:55:10.988 [StorageDirs] :: Selected storage directory: D:\SteamLibrary\steamapps\common\DayZServer\mpmissions\dayzOffline.chernarusplus\storage_1\
13:55:10.988 [CE][Hive] :: Loading core data ... 
13:55:10.999 [CE][CoreData] :: 8 root classes, 18 defaults, 0 updaters...
13:55:25.445 [CE] :: WARNING :: Preset map "optics" is EMPTY.
13:55:25.448 [CE][TypeSetup] :: 553 classes setuped...
13:55:31.209 [CE][RegisterBind] :: 0 classes binded...
13:55:31.210 [CE][RegisterConfig] :: 13433 config classes registered, 0 sub-counters...
13:55:31.210 [CE][Hive] :: Loading map data ... 
13:55:31.225 [CE][IgnoreList] "cfgignorelist.xml" :: loaded 19 types
13:55:31.315 [CE][LoadPrototype] :: loaded 426 prototypes
13:55:31.315   822 containers, 10876 points
13:55:31.315   71 dispatches, 250 proxies
13:55:31.315 !!! [CE][LoadPrototype] 5 groups have no points...
13:55:31.315 [CE][LoadPrototype] :: last group name: StaticObj_Misc_SupplyBox3_DE...
13:55:31.333 [CE][LoadPrototype] :: loaded 0 prototypes
13:55:31.333   55 containers, 232 points
13:55:31.333   0 dispatches, 0 proxies
13:55:31.333 [CE][LoadPrototype] :: last group name: Rail9...
13:55:32.345 [CE][LoadMap] "Group" :: loaded 11680 groups, groups failed: 0, largest group range: 34.2
13:55:32.350 [CE][LoadMap] "Dirt" :: loaded 0 groups, groups failed: 0, largest group range: 34.2
13:55:32.926 [CE][Links] found 1950 total links between groups, of 11680
13:55:32.926 [CE][LoadClusters] "Cluster" :: Loading files...
13:55:33.185 [CE][LoadClusters] :: file: "mapgroupcluster.xml", 9 types, 50000 instances
13:55:33.446 [CE][LoadClusters] :: file: "mapgroupcluster01", 9 types, 50000 instances
13:55:33.717 [CE][LoadClusters] :: file: "mapgroupcluster02", 9 types, 50000 instances
13:55:34.22 [CE][LoadClusters] :: file: "mapgroupcluster03", 9 types, 50000 instances
13:55:34.117 [CE][LoadClusters] :: file: "mapgroupcluster04", 9 types, 17373 instances
13:55:34.138 [CE][Storage] ver:21 stamp:416, valid:yes, name:"D:\SteamLibrary\steamapps\common\DayZServer\mpmissions\dayzOffline.chernarusplus\storage_1\data\types.bin"
13:55:34.146 [CE][Storage] ver:21 stamp:414, valid:yes, name:"D:\SteamLibrary\steamapps\common\DayZServer\mpmissions\dayzOffline.chernarusplus\storage_1\data\types.001"
13:55:34.151 [CE][Storage] ver:21 stamp:415, valid:yes, name:"D:\SteamLibrary\steamapps\common\DayZServer\mpmissions\dayzOffline.chernarusplus\storage_1\data\types.002"
13:55:34.152 [CE][Storage] Restoring file "D:\SteamLibrary\steamapps\common\DayZServer\mpmissions\dayzOffline.chernarusplus\storage_1\data\types.bin".
13:55:34.401 !!! [CE][offlineDB] :: No Shutdown message present.
13:55:34.412 [CE][offlineDB] :: Loaded 50 dynamic events 235 total types.
13:55:34.462 !!! [CE][offlineDB] :: Type 'ChristmasTree' will be ignored. (Not spawnable. (Scope is not public?))
13:55:34.464 !!! [CE][offlineDB] :: Type 'Static_FrozenScientist_DE' will be ignored. (Type does not exist. (Typo?))
13:55:34.924 !!! [CE][DE][SPAWNS] :: [WARNING] :: Skipping entry for non-existing event 'VehicleTransitBus'.
13:55:34.924 [CE][DE][SPAWNS] :: Total positions: 1038
13:55:34.924 [CE][DE][GROUPS] :: Total eventgroups defined: 83, Eventgroups in use: 83
13:55:34.934 [CE][Storage] ver:25 stamp:416, valid:yes, name:"D:\SteamLibrary\steamapps\common\DayZServer\mpmissions\dayzOffline.chernarusplus\storage_1\data\events.bin"
13:55:34.943 [CE][Storage] ver:25 stamp:414, valid:yes, name:"D:\SteamLibrary\steamapps\common\DayZServer\mpmissions\dayzOffline.chernarusplus\storage_1\data\events.001"
13:55:34.946 [CE][Storage] ver:25 stamp:415, valid:yes, name:"D:\SteamLibrary\steamapps\common\DayZServer\mpmissions\dayzOffline.chernarusplus\storage_1\data\events.002"
13:55:34.946 [CE][Storage] Restoring file "D:\SteamLibrary\steamapps\common\DayZServer\mpmissions\dayzOffline.chernarusplus\storage_1\data\events.bin".
13:55:34.946 [CE][DynamicEvent] Load  Events:[50] Primary spawners: 50 Secondary spawners: 4
13:55:34.967 [CE][Storage] ver:25 stamp:416, valid:yes, name:"D:\SteamLibrary\steamapps\common\DayZServer\mpmissions\dayzOffline.chernarusplus\storage_1\data\dynamic_000.bin"
13:55:34.995 [CE][Storage] ver:25 stamp:414, valid:yes, name:"D:\SteamLibrary\steamapps\common\DayZServer\mpmissions\dayzOffline.chernarusplus\storage_1\data\dynamic_000.001"
13:55:34.996 [CE][Storage] ver:25 stamp:415, valid:yes, name:"D:\SteamLibrary\steamapps\common\DayZServer\mpmissions\dayzOffline.chernarusplus\storage_1\data\dynamic_000.002"
13:55:34.996 [CE][Storage] Restoring file "D:\SteamLibrary\steamapps\common\DayZServer\mpmissions\dayzOffline.chernarusplus\storage_1\data\dynamic_000.bin" 916 items.
13:55:36.264   916 items loaded. (0 failed)
13:55:36.277 [CE][Storage] ver:25 stamp:416, valid:yes, name:"D:\SteamLibrary\steamapps\common\DayZServer\mpmissions\dayzOffline.chernarusplus\storage_1\data\dynamic_001.bin"
13:55:36.294 [CE][Storage] ver:25 stamp:414, valid:yes, name:"D:\SteamLibrary\steamapps\common\DayZServer\mpmissions\dayzOffline.chernarusplus\storage_1\data\dynamic_001.001"
13:55:36.302 [CE][Storage] ver:25 stamp:415, valid:yes, name:"D:\SteamLibrary\steamapps\common\DayZServer\mpmissions\dayzOffline.chernarusplus\storage_1\data\dynamic_001.002"
13:55:36.302 [CE][Storage] Restoring file "D:\SteamLibrary\steamapps\common\DayZServer\mpmissions\dayzOffline.chernarusplus\storage_1\data\dynamic_001.bin" 1757 items.
13:55:38.26   1757 items loaded. (0 failed)
13:55:38.38 [CE][Storage] ver:25 stamp:416, valid:yes, name:"D:\SteamLibrary\steamapps\common\DayZServer\mpmissions\dayzOffline.chernarusplus\storage_1\data\dynamic_002.bin"
13:55:38.38 [CE][Storage] ver:25 stamp:414, valid:yes, name:"D:\SteamLibrary\steamapps\common\DayZServer\mpmissions\dayzOffline.chernarusplus\storage_1\data\dynamic_002.001"
13:55:38.47 [CE][Storage] ver:25 stamp:415, valid:yes, name:"D:\SteamLibrary\steamapps\common\DayZServer\mpmissions\dayzOffline.chernarusplus\storage_1\data\dynamic_002.002"
13:55:38.47 [CE][Storage] Restoring file "D:\SteamLibrary\steamapps\common\DayZServer\mpmissions\dayzOffline.chernarusplus\storage_1\data\dynamic_002.bin" 2475 items.
13:55:40.185   2475 items loaded. (0 failed)
13:55:40.192 [CE][Storage] ver:25 stamp:416, valid:yes, name:"D:\SteamLibrary\steamapps\common\DayZServer\mpmissions\dayzOffline.chernarusplus\storage_1\data\dynamic_003.bin"
13:55:40.208 [CE][Storage] ver:25 stamp:414, valid:yes, name:"D:\SteamLibrary\steamapps\common\DayZServer\mpmissions\dayzOffline.chernarusplus\storage_1\data\dynamic_003.001"
13:55:40.220 [CE][Storage] ver:25 stamp:415, valid:yes, name:"D:\SteamLibrary\steamapps\common\DayZServer\mpmissions\dayzOffline.chernarusplus\storage_1\data\dynamic_003.002"
13:55:40.220 [CE][Storage] Restoring file "D:\SteamLibrary\steamapps\common\DayZServer\mpmissions\dayzOffline.chernarusplus\storage_1\data\dynamic_003.bin" 2021 items.
13:55:42.258   2021 items loaded. (0 failed)
13:55:42.279 [CE][Storage] ver:25 stamp:416, valid:yes, name:"D:\SteamLibrary\steamapps\common\DayZServer\mpmissions\dayzOffline.chernarusplus\storage_1\data\dynamic_004.bin"
13:55:42.283 [CE][Storage] ver:25 stamp:414, valid:yes, name:"D:\SteamLibrary\steamapps\common\DayZServer\mpmissions\dayzOffline.chernarusplus\storage_1\data\dynamic_004.001"
13:55:42.290 [CE][Storage] ver:25 stamp:415, valid:yes, name:"D:\SteamLibrary\steamapps\common\DayZServer\mpmissions\dayzOffline.chernarusplus\storage_1\data\dynamic_004.002"
13:55:42.290 [CE][Storage] Restoring file "D:\SteamLibrary\steamapps\common\DayZServer\mpmissions\dayzOffline.chernarusplus\storage_1\data\dynamic_004.bin" 1790 items.
13:55:43.902   1790 items loaded. (0 failed)
13:55:43.903 [CE][Storage] ver:25 stamp:416, valid:yes, name:"D:\SteamLibrary\steamapps\common\DayZServer\mpmissions\dayzOffline.chernarusplus\storage_1\data\dynamic_005.bin"
13:55:43.909 [CE][Storage] ver:25 stamp:414, valid:yes, name:"D:\SteamLibrary\steamapps\common\DayZServer\mpmissions\dayzOffline.chernarusplus\storage_1\data\dynamic_005.001"
13:55:43.913 [CE][Storage] ver:25 stamp:415, valid:yes, name:"D:\SteamLibrary\steamapps\common\DayZServer\mpmissions\dayzOffline.chernarusplus\storage_1\data\dynamic_005.002"
13:55:43.913 [CE][Storage] Restoring file "D:\SteamLibrary\steamapps\common\DayZServer\mpmissions\dayzOffline.chernarusplus\storage_1\data\dynamic_005.bin" 2177 items.
13:55:45.858   2177 items loaded. (0 failed)
13:55:45.869 [CE][Storage] ver:25 stamp:416, valid:yes, name:"D:\SteamLibrary\steamapps\common\DayZServer\mpmissions\dayzOffline.chernarusplus\storage_1\data\dynamic_006.bin"
13:55:45.877 [CE][Storage] ver:25 stamp:414, valid:yes, name:"D:\SteamLibrary\steamapps\common\DayZServer\mpmissions\dayzOffline.chernarusplus\storage_1\data\dynamic_006.001"
13:55:45.880 [CE][Storage] ver:25 stamp:415, valid:yes, name:"D:\SteamLibrary\steamapps\common\DayZServer\mpmissions\dayzOffline.chernarusplus\storage_1\data\dynamic_006.002"
13:55:45.880 [CE][Storage] Restoring file "D:\SteamLibrary\steamapps\common\DayZServer\mpmissions\dayzOffline.chernarusplus\storage_1\data\dynamic_006.bin" 1503 items.
13:55:46.937   1503 items loaded. (0 failed)
13:55:46.952 [CE][Storage] ver:25 stamp:416, valid:yes, name:"D:\SteamLibrary\steamapps\common\DayZServer\mpmissions\dayzOffline.chernarusplus\storage_1\data\dynamic_007.bin"
13:55:46.962 [CE][Storage] ver:25 stamp:414, valid:yes, name:"D:\SteamLibrary\steamapps\common\DayZServer\mpmissions\dayzOffline.chernarusplus\storage_1\data\dynamic_007.001"
13:55:46.970 [CE][Storage] ver:25 stamp:415, valid:yes, name:"D:\SteamLibrary\steamapps\common\DayZServer\mpmissions\dayzOffline.chernarusplus\storage_1\data\dynamic_007.002"
13:55:46.971 [CE][Storage] Restoring file "D:\SteamLibrary\steamapps\common\DayZServer\mpmissions\dayzOffline.chernarusplus\storage_1\data\dynamic_007.bin" 1592 items.
13:55:48.771   1592 items loaded. (0 failed)
13:55:48.786 [CE][Storage] ver:25 stamp:416, valid:yes, name:"D:\SteamLibrary\steamapps\common\DayZServer\mpmissions\dayzOffline.chernarusplus\storage_1\data\dynamic_008.bin"
13:55:48.790 [CE][Storage] ver:25 stamp:414, valid:yes, name:"D:\SteamLibrary\steamapps\common\DayZServer\mpmissions\dayzOffline.chernarusplus\storage_1\data\dynamic_008.001"
13:55:48.792 [CE][Storage] ver:25 stamp:415, valid:yes, name:"D:\SteamLibrary\steamapps\common\DayZServer\mpmissions\dayzOffline.chernarusplus\storage_1\data\dynamic_008.002"
13:55:48.792 [CE][Storage] Restoring file "D:\SteamLibrary\steamapps\common\DayZServer\mpmissions\dayzOffline.chernarusplus\storage_1\data\dynamic_008.bin" 2187 items.
13:55:50.460   2187 items loaded. (0 failed)
13:55:50.470 [CE][Storage] ver:25 stamp:416, valid:yes, name:"D:\SteamLibrary\steamapps\common\DayZServer\mpmissions\dayzOffline.chernarusplus\storage_1\data\dynamic_009.bin"
13:55:50.475 [CE][Storage] ver:25 stamp:414, valid:yes, name:"D:\SteamLibrary\steamapps\common\DayZServer\mpmissions\dayzOffline.chernarusplus\storage_1\data\dynamic_009.001"
13:55:50.482 [CE][Storage] ver:25 stamp:415, valid:yes, name:"D:\SteamLibrary\steamapps\common\DayZServer\mpmissions\dayzOffline.chernarusplus\storage_1\data\dynamic_009.002"
13:55:50.482 [CE][Storage] Restoring file "D:\SteamLibrary\steamapps\common\DayZServer\mpmissions\dayzOffline.chernarusplus\storage_1\data\dynamic_009.bin" 2702 items.
13:55:52.655   2702 items loaded. (0 failed)
13:55:52.662 [CE][Storage] ver:25 stamp:416, valid:yes, name:"D:\SteamLibrary\steamapps\common\DayZServer\mpmissions\dayzOffline.chernarusplus\storage_1\data\dynamic_010.bin"
13:55:52.670 [CE][Storage] ver:25 stamp:414, valid:yes, name:"D:\SteamLibrary\steamapps\common\DayZServer\mpmissions\dayzOffline.chernarusplus\storage_1\data\dynamic_010.001"
13:55:52.676 [CE][Storage] ver:25 stamp:415, valid:yes, name:"D:\SteamLibrary\steamapps\common\DayZServer\mpmissions\dayzOffline.chernarusplus\storage_1\data\dynamic_010.002"
13:55:52.676 [CE][Storage] Restoring file "D:\SteamLibrary\steamapps\common\DayZServer\mpmissions\dayzOffline.chernarusplus\storage_1\data\dynamic_010.bin" 1704 items.
13:55:54.161   1704 items loaded. (0 failed)
13:55:54.178 [CE][Storage] ver:25 stamp:416, valid:yes, name:"D:\SteamLibrary\steamapps\common\DayZServer\mpmissions\dayzOffline.chernarusplus\storage_1\data\dynamic_011.bin"
13:55:54.205 [CE][Storage] ver:25 stamp:414, valid:yes, name:"D:\SteamLibrary\steamapps\common\DayZServer\mpmissions\dayzOffline.chernarusplus\storage_1\data\dynamic_011.001"
13:55:54.218 [CE][Storage] ver:25 stamp:415, valid:yes, name:"D:\SteamLibrary\steamapps\common\DayZServer\mpmissions\dayzOffline.chernarusplus\storage_1\data\dynamic_011.002"
13:55:54.218 [CE][Storage] Restoring file "D:\SteamLibrary\steamapps\common\DayZServer\mpmissions\dayzOffline.chernarusplus\storage_1\data\dynamic_011.bin" 161 items.
13:55:54.371   161 items loaded. (0 failed)
13:55:54.371 [CE][Storage] ver:26 stamp:416, valid:yes, name:"D:\SteamLibrary\steamapps\common\DayZServer\mpmissions\dayzOffline.chernarusplus\storage_1\data\building.bin"
13:55:54.371 [CE][Storage] ver:26 stamp:414, valid:yes, name:"D:\SteamLibrary\steamapps\common\DayZServer\mpmissions\dayzOffline.chernarusplus\storage_1\data\building.001"
13:55:54.372 [CE][Storage] ver:26 stamp:415, valid:yes, name:"D:\SteamLibrary\steamapps\common\DayZServer\mpmissions\dayzOffline.chernarusplus\storage_1\data\building.002"
13:55:54.372 [CE][Storage] Restoring file "D:\SteamLibrary\steamapps\common\DayZServer\mpmissions\dayzOffline.chernarusplus\storage_1\data\building.bin" 0 items.
13:55:54.372   0 items loaded. (0 failed)
13:55:54.388 [CE][Storage] ver:25 stamp:416, valid:yes, name:"D:\SteamLibrary\steamapps\common\DayZServer\mpmissions\dayzOffline.chernarusplus\storage_1\data\vehicles.bin"
13:55:54.404 [CE][Storage] ver:25 stamp:414, valid:yes, name:"D:\SteamLibrary\steamapps\common\DayZServer\mpmissions\dayzOffline.chernarusplus\storage_1\data\vehicles.001"
13:55:54.417 [CE][Storage] ver:25 stamp:415, valid:yes, name:"D:\SteamLibrary\steamapps\common\DayZServer\mpmissions\dayzOffline.chernarusplus\storage_1\data\vehicles.002"
13:55:54.417 [CE][Storage] Restoring file "D:\SteamLibrary\steamapps\common\DayZServer\mpmissions\dayzOffline.chernarusplus\storage_1\data\vehicles.bin" 242 items.
13:55:56.81   242 items loaded. (0 failed)
13:55:56.173 [CE][Hive] :: Storage load took:21.23 seconds, recovery stamp:416
13:55:56.173   entity: 22736, building: 0
13:55:56.173   no lifetime: 65
13:55:56.173   pathgraph's: 527
13:55:56.188 [CE][Hive] :: Initializing ... 
13:55:56.536 [CE][InitializeMap] :: initialized: 0
13:55:56.536 [CE][Hive] :: Initializing spawners ... 
13:56:05.324 [CE][LootRespawner] (PRIDummy) :: Initially (re)spawned:0, Nominal:20645, Total in Map: 21155 at 0 (sec)
13:56:05.324   tests:0, repeats:0 fails:0, overtime:0
13:56:05.329 [CE][DynEvent] :: 50 types
13:56:05.329 [00] AmbientFox
13:56:05.329   Primary Spawner: "Ambient", active: yes, repeat: 1
13:56:05.329 [01] AmbientHare
13:56:05.329   Primary Spawner: "Ambient", active: yes, repeat: 1
13:56:05.329 [02] AmbientHen
13:56:05.329   Primary Spawner: "Ambient", active: yes, repeat: 1
13:56:05.329 [03] AnimalBear
13:56:05.329   Primary Spawner: "Animal", active: yes, repeat: 1
13:56:05.329 [04] AnimalCow
13:56:05.329   Primary Spawner: "Animal", active: yes, repeat: 1
13:56:05.329 [05] AnimalDeer
13:56:05.329   Primary Spawner: "Animal", active: yes, repeat: 1
13:56:05.329 [06] AnimalGoat
13:56:05.329   Primary Spawner: "Animal", active: yes, repeat: 1
13:56:05.329 [07] AnimalPig
13:56:05.329   Primary Spawner: "Animal", active: yes, repeat: 1
13:56:05.329 [08] AnimalRoeDeer
13:56:05.329   Primary Spawner: "Animal", active: yes, repeat: 1
13:56:05.329 [09] AnimalSheep
13:56:05.329   Primary Spawner: "Animal", active: yes, repeat: 1
13:56:05.329 [10] AnimalWildBoar
13:56:05.329   Primary Spawner: "Animal", active: yes, repeat: 1
13:56:05.329 [11] AnimalWolf
13:56:05.329   Primary Spawner: "Animal", active: yes, repeat: 1
13:56:05.329 [12] InfectedArmy
13:56:05.329   Primary Spawner: "Infected", active: yes, repeat: 1
13:56:05.329 [13] InfectedArmyHard
13:56:05.329   Primary Spawner: "Infected", active: yes, repeat: 1
13:56:05.329 [14] InfectedCity
13:56:05.329   Primary Spawner: "Infected", active: yes, repeat: 1
13:56:05.329 [15] InfectedCityTier1
13:56:05.329   Primary Spawner: "Infected", active: yes, repeat: 1
13:56:05.329 [16] InfectedFirefighter
13:56:05.329   Primary Spawner: "Infected", active: yes, repeat: 1
13:56:05.329 [17] InfectedIndustrial
13:56:05.329   Primary Spawner: "Infected", active: yes, repeat: 1
13:56:05.329 [18] InfectedMedic
13:56:05.329   Primary Spawner: "Infected", active: yes, repeat: 1
13:56:05.329 [19] InfectedNBC
13:56:05.329   Primary Spawner: "Infected", active: yes, repeat: 1
13:56:05.329 [20] InfectedPolice
13:56:05.329   Primary Spawner: "Infected", active: yes, repeat: 1
13:56:05.329 [21] InfectedPoliceHard
13:56:05.329   Primary Spawner: "Infected", active: yes, repeat: 1
13:56:05.329 [22] InfectedPrisoner
13:56:05.329   Primary Spawner: "Infected", active: yes, repeat: 1
13:56:05.329 [23] InfectedReligious
13:56:05.329   Primary Spawner: "Infected", active: yes, repeat: 1
13:56:05.329 [24] InfectedSanta
13:56:05.329   Primary Spawner: "Infected", active: yes, repeat: 1
13:56:05.329 [25] InfectedSolitude
13:56:05.329   Primary Spawner: "Infected", active: yes, repeat: 1
13:56:05.329 [26] InfectedVillage
13:56:05.329   Primary Spawner: "Infected", active: yes, repeat: 1
13:56:05.329 [27] InfectedVillageTier1
13:56:05.329   Primary Spawner: "Infected", active: yes, repeat: 1
13:56:05.329 [28] ItemPlanks
13:56:05.329   Primary Spawner: "Item", active: yes, repeat: 1
13:56:05.329 [29] Loot
13:56:05.329   Primary Spawner: "Loot", active: yes, repeat: 2
13:56:05.329 [30] StaticAirplaneCrate
13:56:05.329   Primary Spawner: "Static", active: yes, repeat: 1
13:56:05.329 [31] StaticContaminatedArea
13:56:05.330   Primary Spawner: "Static", active: yes, repeat: 1
13:56:05.330 [32] StaticHeliCrash
13:56:05.330   Primary Spawner: "Static", active: yes, repeat: 1
13:56:05.330   Secondary Spawner: "Infected", active: yes, repeat: 1
13:56:05.330 [33] StaticMilitaryConvoy
13:56:05.330   Primary Spawner: "Static", active: yes, repeat: 1
13:56:05.330   Secondary Spawner: "Infected", active: yes, repeat: 1
13:56:05.330 [34] StaticPoliceSituation
13:56:05.330   Primary Spawner: "Static", active: yes, repeat: 1
13:56:05.330   Secondary Spawner: "Infected", active: yes, repeat: 1
13:56:05.330 [35] StaticTrain
13:56:05.330   Primary Spawner: "Static", active: yes, repeat: 1
13:56:05.330   Secondary Spawner: "Infected", active: yes, repeat: 1
13:56:05.330 [36] TrajectoryApple
13:56:05.330   Primary Spawner: "Trajectory", active: yes, repeat: 1
13:56:05.330 [37] TrajectoryConiferous
13:56:05.330   Primary Spawner: "Trajectory", active: yes, repeat: 1
13:56:05.330 [38] TrajectoryDeciduous
13:56:05.330   Primary Spawner: "Trajectory", active: yes, repeat: 1
13:56:05.330 [39] TrajectoryHumus
13:56:05.330   Primary Spawner: "Trajectory", active: yes, repeat: 1
13:56:05.330 [40] TrajectoryPear
13:56:05.330   Primary Spawner: "Trajectory", active: yes, repeat: 1
13:56:05.330 [41] TrajectoryPlum
13:56:05.330   Primary Spawner: "Trajectory", active: yes, repeat: 1
13:56:05.330 [42] TrajectoryStones
13:56:05.330   Primary Spawner: "Trajectory", active: yes, repeat: 1
13:56:05.330 [43] VehicleBoat
13:56:05.330   Primary Spawner: "Vehicle", active: yes, repeat: 1
13:56:05.330 [44] VehicleCivilianSedan
13:56:05.330   Primary Spawner: "Vehicle", active: yes, repeat: 1
13:56:05.330 [45] VehicleHatchback02
13:56:05.330   Primary Spawner: "Vehicle", active: yes, repeat: 1
13:56:05.330 [46] VehicleOffroad02
13:56:05.330   Primary Spawner: "Vehicle", active: yes, repeat: 1
13:56:05.330 [47] VehicleOffroadHatchback
13:56:05.330   Primary Spawner: "Vehicle", active: yes, repeat: 1
13:56:05.330 [48] VehicleSedan02
13:56:05.330   Primary Spawner: "Vehicle", active: yes, repeat: 1
13:56:05.330 [49] VehicleTruck01
13:56:05.330   Primary Spawner: "Vehicle", active: yes, repeat: 1
13:56:05.330 [CE][Hive] :: Initializing of spawners done.
13:56:05.341 [CE][Hive] :: Init sequence finished.
13:56:05.341 Player connect enabled
13:56:13.226  --- Termination successfully completed --- 
