---------------------------------------------
Log D:\SteamLibrary\steamapps\common\DayZServer\profiles\script_2025-01-20_02-47-59.log started at 20.01. 02:48:01

SCRIPT       : Registered 349 temporary action enum(s), UAN==349
SCRIPT    (W): @"scripts/3_Game/entities\pawn.c,25": Missing script declaration for method 'PawnOwnerState.SetWaterTime'
SCRIPT    (W): @"scripts/3_Game/entities\pawn.c,25": Missing script declaration for method 'PawnOwnerState.SetPhysicsTimeStamp'
SCRIPT    (W): @"scripts/3_Game/entities\pawn.c,25": Missing script declaration for method 'PawnOwnerState.GetWaterTime'
SCRIPT    (W): @"scripts/3_Game/entities\pawn.c,25": Missing script declaration for method 'PawnOwnerState.GetPhysicsTimeStamp'
SCRIPT       : ... Backlit Effects Enabled
SCRIPT       : VPPNotificationManager()
SCRIPT       : [VPPAT] Internal VPPNotifications module loaded!
SCRIPT       : [DayZ Game]:: DayZGame(): Initializing V++ Admin Tools.
SCRIPT       : Default Mission: $saves:VPPDebugMissions/Debug.chernarusplus exists!
SCRIPT       : Default Mission: $saves:VPPDebugMissions/Debug.enoch exists!
SCRIPT    (W): @"SuppressionMod/Scripts/4_World/entities\manbase\playerbase.c,18": Missing ';' at the end of line
SCRIPT    (W): @"script_a/Scripts/4_World/weapons\m14_dmr.c,151": FIX-ME: Overriding function 'AssembleGun' but not marked as 'override'
SCRIPT    (W): @"script_a/Scripts/4_World/classes\useractionscomponent\actions\singleuse\action.c,180": Possible variable name conflict 'second_item_health'
SCRIPT    (W): @"script_a/Scripts/4_World/weapons\anzio20.c,321": FIX-ME: Overriding function 'AssembleGun' but not marked as 'override'
SCRIPT    (W): @"script_a/Scripts/4_World/weapons\ak105_bullpup.c,48": FIX-ME: Overriding function 'AssembleGun' but not marked as 'override'
SCRIPT    (W): @"script_a/Scripts/4_World/weapons\m249.c,27": FIX-ME: Overriding function 'AssembleGun' but not marked as 'override'
SCRIPT    (W): @"script_a/Scripts/4_World/bipod\bipod_base.c,112": FIX-ME: Overriding function 'IsBipodInUse' but not marked as 'override'
SCRIPT    (W): @"script_a/Scripts/4_World/weapons\pkm.c,105": FIX-ME: Overriding function 'AssembleGun' but not marked as 'override'
SCRIPT    (W): @"script_a/Scripts/4_World/weapons\m14_dmr.c,86": FIX-ME: Overriding function 'AssembleGun' but not marked as 'override'
SCRIPT    (W): @"VPPAdminTools/4_World/vppadmintools\plugins\pluginbase\webhooksmanager\classes\messagetypes\joinleavemessage.c,7": Possible variable name conflict 'guid'
SCRIPT    (W): @"VPPAdminTools/4_World/vppadmintools\plugins\pluginbase\webhooksmanager\classes\messagetypes\joinleavemessage.c,7": Possible variable name conflict 'details'
SCRIPT    (W): @"script_a/Scripts/4_World/weapons\pkm.c,252": FIX-ME: Overriding function 'AssembleGun' but not marked as 'override'
SCRIPT    (W): @"VPPAdminTools/4_World/vppadmintools\plugins\pluginbase\webhooksmanager\classes\webhookmessagebase.c,53": Possible variable name conflict 'title'
SCRIPT    (W): @"VPPAdminTools/4_World/vppadmintools\plugins\pluginbase\webhooksmanager\classes\webhookmessagebase.c,53": Possible variable name conflict 'color'
SCRIPT    (W): @"script_a/Scripts/4_World/entities\itembase\tf_burningshard.c,115": FIX-ME: Overriding function 'IsTakeable' but not marked as 'override'
SCRIPT    (W): @"script_a/Scripts/4_World/entities\itembase\tf_burningshard.c,120": FIX-ME: Overriding function 'CanHaveTemperature' but not marked as 'override'
SCRIPT    (W): @"script_a/Scripts/4_World/bipod\bipod_base.c,102": FIX-ME: Overriding function 'IsBipodInUse' but not marked as 'override'
SCRIPT    (W): @"script_a/Scripts/4_World/weapons\m240.c,27": FIX-ME: Overriding function 'AssembleGun' but not marked as 'override'
SCRIPT    (W): @"script_a/Scripts/4_World/bipod\bipod_base.c,93": FIX-ME: Overriding function 'IsBipodInUse' but not marked as 'override'
SCRIPT    (W): @"script_a/Scripts/4_World/bipod\bipod_base.c,84": FIX-ME: Overriding function 'IsBipodInUse' but not marked as 'override'
SCRIPT    (W): @"SuppressionMod/Scripts/4_World/entities\firearms\weapon_base.c,15": Unsafe down-casting, use 'PlayerBase.Cast' for safe down-casting
SCRIPT    (W): @"SuppressionMod/Scripts/4_World/entities\firearms\weapon_base.c,71": Unsafe down-casting, use 'PlayerBase.Cast' for safe down-casting
SCRIPT    (W): @"VPPAdminTools/4_World/vppadmintools\plugins\pluginbase\chatcommandmanager\classes\chatmodules\argumentcommands\spawning\spawnongroundmodule.c,32": FIX-ME: Undefined function 'ItemBase.SetupSpawnedItem'
SCRIPT    (W): @"VPPAdminTools/4_World/vppadmintools\plugins\pluginbase\itemmanager\itemmanager.c,225": FIX-ME: Undefined function 'ItemBase.SetupSpawnedItem'
SCRIPT    (W): @"VPPAdminTools/4_World/vppadmintools\plugins\pluginbase\admintools\admintools.c,60": No need to use 'Cast' for up-casting
