---------------------------------------------
Log D:\SteamLibrary\steamapps\common\DayZServer\profiles\script_2025-01-20_02-20-36.log started at 20.01. 02:20:38

SCRIPT       : Registered 349 temporary action enum(s), UAN==349
SCRIPT    (W): @"scripts/3_Game/entities\pawn.c,25": Missing script declaration for method 'PawnOwnerState.SetWaterTime'
SCRIPT    (W): @"scripts/3_Game/entities\pawn.c,25": Missing script declaration for method 'PawnOwnerState.SetPhysicsTimeStamp'
SCRIPT    (W): @"scripts/3_Game/entities\pawn.c,25": Missing script declaration for method 'PawnOwnerState.GetWaterTime'
SCRIPT    (W): @"scripts/3_Game/entities\pawn.c,25": Missing script declaration for method 'PawnOwnerState.GetPhysicsTimeStamp'
SCRIPT       : ... Backlit Effects Enabled
SCRIPT       : VPPNotificationManager()
SCRIPT       : [VPPAT] Internal VPPNotifications module loaded!
SCRIPT       : [DayZ Game]:: DayZGame(): Initializing V++ Admin Tools.
SCRIPT       : Default Mission: $saves:VPPDebugMissions/Debug.chernarusplus exists!
SCRIPT       : Default Mission: $saves:VPPDebugMissions/Debug.enoch exists!
SCRIPT    (W): @"SuppressionMod/Scripts/4_World/entities\manbase\playerbase.c,18": Missing ';' at the end of line
SCRIPT    (W): @"script_a/Scripts/4_World/weapons\m14_dmr.c,151": FIX-ME: Overriding function 'AssembleGun' but not marked as 'override'
SCRIPT    (W): @"script_a/Scripts/4_World/classes\useractionscomponent\actions\singleuse\action.c,180": Possible variable name conflict 'second_item_health'
SCRIPT    (W): @"script_a/Scripts/4_World/weapons\anzio20.c,321": FIX-ME: Overriding function 'AssembleGun' but not marked as 'override'
SCRIPT    (W): @"script_a/Scripts/4_World/weapons\ak105_bullpup.c,48": FIX-ME: Overriding function 'AssembleGun' but not marked as 'override'
SCRIPT    (W): @"script_a/Scripts/4_World/weapons\m249.c,27": FIX-ME: Overriding function 'AssembleGun' but not marked as 'override'
SCRIPT    (W): @"script_a/Scripts/4_World/bipod\bipod_base.c,112": FIX-ME: Overriding function 'IsBipodInUse' but not marked as 'override'
SCRIPT    (W): @"script_a/Scripts/4_World/weapons\pkm.c,105": FIX-ME: Overriding function 'AssembleGun' but not marked as 'override'
SCRIPT    (W): @"script_a/Scripts/4_World/weapons\m14_dmr.c,86": FIX-ME: Overriding function 'AssembleGun' but not marked as 'override'
SCRIPT    (W): @"VPPAdminTools/4_World/vppadmintools\plugins\pluginbase\webhooksmanager\classes\messagetypes\joinleavemessage.c,7": Possible variable name conflict 'guid'
SCRIPT    (W): @"VPPAdminTools/4_World/vppadmintools\plugins\pluginbase\webhooksmanager\classes\messagetypes\joinleavemessage.c,7": Possible variable name conflict 'details'
SCRIPT    (W): @"script_a/Scripts/4_World/weapons\pkm.c,252": FIX-ME: Overriding function 'AssembleGun' but not marked as 'override'
SCRIPT    (W): @"VPPAdminTools/4_World/vppadmintools\plugins\pluginbase\webhooksmanager\classes\webhookmessagebase.c,53": Possible variable name conflict 'title'
SCRIPT    (W): @"VPPAdminTools/4_World/vppadmintools\plugins\pluginbase\webhooksmanager\classes\webhookmessagebase.c,53": Possible variable name conflict 'color'
SCRIPT    (W): @"script_a/Scripts/4_World/entities\itembase\tf_burningshard.c,115": FIX-ME: Overriding function 'IsTakeable' but not marked as 'override'
SCRIPT    (W): @"script_a/Scripts/4_World/entities\itembase\tf_burningshard.c,120": FIX-ME: Overriding function 'CanHaveTemperature' but not marked as 'override'
SCRIPT    (W): @"script_a/Scripts/4_World/bipod\bipod_base.c,102": FIX-ME: Overriding function 'IsBipodInUse' but not marked as 'override'
SCRIPT    (W): @"script_a/Scripts/4_World/weapons\m240.c,27": FIX-ME: Overriding function 'AssembleGun' but not marked as 'override'
SCRIPT    (W): @"script_a/Scripts/4_World/bipod\bipod_base.c,93": FIX-ME: Overriding function 'IsBipodInUse' but not marked as 'override'
SCRIPT    (W): @"script_a/Scripts/4_World/bipod\bipod_base.c,84": FIX-ME: Overriding function 'IsBipodInUse' but not marked as 'override'
SCRIPT    (W): @"SuppressionMod/Scripts/4_World/entities\firearms\weapon_base.c,15": Unsafe down-casting, use 'PlayerBase.Cast' for safe down-casting
SCRIPT    (W): @"SuppressionMod/Scripts/4_World/entities\firearms\weapon_base.c,71": Unsafe down-casting, use 'PlayerBase.Cast' for safe down-casting
SCRIPT    (W): @"VPPAdminTools/4_World/vppadmintools\plugins\pluginbase\chatcommandmanager\classes\chatmodules\argumentcommands\spawning\spawnongroundmodule.c,32": FIX-ME: Undefined function 'ItemBase.SetupSpawnedItem'
SCRIPT    (W): @"VPPAdminTools/4_World/vppadmintools\plugins\pluginbase\itemmanager\itemmanager.c,225": FIX-ME: Undefined function 'ItemBase.SetupSpawnedItem'
SCRIPT    (W): @"VPPAdminTools/4_World/vppadmintools\plugins\pluginbase\admintools\admintools.c,60": No need to use 'Cast' for up-casting
SCRIPT    (W): @"VPPAdminTools/5_Mission/vppadmintools\gui\submenus\menuobjectmanager\menuobjectmanager.c,203": Missing ';' at the end of line
SCRIPT    (W): @"VPPAdminTools/5_Mission/vppadmintools\gui\submenus\menuitemmanager\menuitemmanager.c,201": FIX-ME: Undefined function 'DayZGame.GetMousePos'
SCRIPT    (W): @"VPPAdminTools/5_Mission/vppadmintools\gui\uihelpers\mouseevents\vppmouseeventbase.c,53": FIX-ME: Undefined function 'CGame.GetMouseState'
SCRIPT    (W): @"VPPAdminTools/5_Mission/vppadmintools\gui\vppadminhud.c,126": Unsafe down-casting, use 'MenuObjectManager.Cast' for safe down-casting
SCRIPT    (W): @"VPPAdminTools/5_Mission/vppadmintools\gui\submenus\menuesptools\esptoolsmenu.c,580": Unsafe down-casting, use 'EntityAI.Cast' for safe down-casting
SCRIPT    (W): @"VPPAdminTools/5_Mission/vppadmintools\gui\uihelpers\infoboxinstance.c,61": FIX-ME: Undefined function 'DayZGame.GetMousePos'
SCRIPT    (W): @"VPPAdminTools/5_Mission/vppadmintools\gui\uihelpers\mouseevents\vppholdleftclickevent.c,13": FIX-ME: Undefined function 'CGame.GetMouseState'
SCRIPT    (W): @"VPPAdminTools/5_Mission/vppadmintools\gui\uihelpers\tooltiphandler.c,38": FIX-ME: Undefined function 'DayZGame.GetMousePos'
SCRIPT    (W): @"VPPAdminTools/5_Mission/vppadmintools\gui\submenus\menuplayermanager\menuplayermanager.c,71": FIX-ME: Callbacks do not properly support overloaded methods 'OnUpdate'
SCRIPT    (W): @"VPPAdminTools/5_Mission/vppadmintools\gui\vppuimanager.c,183": FIX-ME: Undefined function 'CGame.GetMouseState'
SCRIPT    (W): @"VPPAdminTools/5_Mission/vppadmintools\missiondebug.c,38": Unsafe down-casting, use 'PlayerBase.Cast' for safe down-casting
SCRIPT    (W): @"VPPAdminTools/5_Mission/vppadmintools\gui\submenus\menuobjectmanager\menuobjectmanager.c,862": FIX-ME: Undefined function 'DayZGame.GetMousePos'
SCRIPT    (W): @"VPPAdminTools/5_Mission/vppadmintools\gui\submenus\menuxmleditor\menuxmleditor.c,264": FIX-ME: Undefined function 'DayZGame.GetMousePos'
SCRIPT       : Vanilla++ AdminTools Plugins Registering..
SCRIPT       : [ Suppression Mod ]: Suppression Trigger System: Started!
SCRIPT       : [MedicineLoggingModule] Error: Settings are null. Cannot log message.
SCRIPT       : [MedicineLoggingModule] Error: Settings are null. Cannot log message.
SCRIPT       : 23:21:19 [ii] ::SUserConfigConstraints::load : Loading SUserConfigConstraints_Gunplay
SCRIPT       : 23:21:19 [ii] │	├ Done -> SUserConfigConstraints_Gunplay<79040b20>
SCRIPT       : 23:21:19 [ii] ::SUserConfigConstraints::load : Loading SUserConfigConstraints_Visual
SCRIPT       : 23:21:19 [ii] │	├ Done -> SUserConfigConstraints_Visual<b8f57460>
SCRIPT       : [MissionServer] OnInit - Server
SCRIPT       : [DM] Start database loading...
SCRIPT       : [DM] Finish database loading...OK 1
SCRIPT       : [Suppression Config] :: MissionServer.c :: Suppression Config Directory/File
SCRIPT       : [MissionServer] OnMissionStart - Server
SCRIPT       : string dirtyName = 'EXAMPLENAME'
SCRIPT       : m_LoginTimeMs: 16200
SCRIPT       : ---- PlayerBase OnStoreLoad SUCCESS ----
SCRIPT       : [VPPAT] Player "Leonid Astapev" (steamId=76561199221059231) connected to server!
SCRIPT       : [PlayerListManager] AddReceiver ► added: PlayerIdentity<d5c72e80>
SCRIPT    (E): NULL pointer to instance when trying to access variable 'm_healthOutOfZoneDmg' (Parent instance is null)
Class:      'SurvivorBase'
Entity name:'76561199221059231' id:3003550

Function: 'DM_RefillStats'
Stack trace:
DeathMatch/Scripts/4_World/playerbase.c:257
DeathMatch/Scripts/4_World/playerbase.c:75
scripts/4_World/entities\manbase\playerbase.c:2793
scripts/5_Mission/mission\missionserver.c:716
scripts/5_Mission/mission\missionserver.c:97
JM/CF/Scripts/5_Mission/communityframework\mission\missionserver.c:58
DeathMatch/Scripts/5_Mission/mission\missionserver.c:264
scripts/3_Game/dayzgame.c:2881
JM/CF/Scripts/3_Game/communityframework\game\dayzgame.c:23
VPPAdminTools/3_Game/vppadmintools\vanillaplusplus.c:211
SCRIPT    (E): NULL pointer to instance when trying to access variable 'm_clearDroppedItemsOnGround' (Parent instance is null)
Class:      'SurvivorBase'
Entity name:'76561199221059231' id:3003550

Function: 'DM_ClearItems'
Stack trace:
DeathMatch/Scripts/4_World/playerbase.c:349
DeathMatch/Scripts/4_World/playerbase.c:78
scripts/4_World/entities\manbase\playerbase.c:2793
scripts/5_Mission/mission\missionserver.c:716
scripts/5_Mission/mission\missionserver.c:97
JM/CF/Scripts/5_Mission/communityframework\mission\missionserver.c:58
DeathMatch/Scripts/5_Mission/mission\missionserver.c:264
scripts/3_Game/dayzgame.c:2881
JM/CF/Scripts/3_Game/communityframework\game\dayzgame.c:23
VPPAdminTools/3_Game/vppadmintools\vanillaplusplus.c:211
SCRIPT    (E): NULL pointer to instance when trying to access variable 'm_healthOutOfZoneDmg' (Parent instance is null)
Class:      'SurvivorBase'
Entity name:'76561199221059231' id:3003550

Function: 'DM_RefillStats'
Stack trace:
DeathMatch/Scripts/4_World/playerbase.c:257
DeathMatch/Scripts/4_World/playerbase.c:75
scripts/4_World/entities\manbase\playerbase.c:2793
scripts/5_Mission/mission\missionserver.c:716
scripts/5_Mission/mission\missionserver.c:97
JM/CF/Scripts/5_Mission/communityframework\mission\missionserver.c:58
DeathMatch/Scripts/5_Mission/mission\missionserver.c:264
scripts/3_Game/dayzgame.c:2881
JM/CF/Scripts/3_Game/communityframework\game\dayzgame.c:23
VPPAdminTools/3_Game/vppadmintools\vanillaplusplus.c:211
SCRIPT    (E): NULL pointer to instance when trying to access variable 'm_clearDroppedItemsOnGround' (Parent instance is null)
Class:      'SurvivorBase'
Entity name:'76561199221059231' id:3003550

Function: 'DM_ClearItems'
Stack trace:
DeathMatch/Scripts/4_World/playerbase.c:349
DeathMatch/Scripts/4_World/playerbase.c:78
scripts/4_World/entities\manbase\playerbase.c:2793
scripts/5_Mission/mission\missionserver.c:716
scripts/5_Mission/mission\missionserver.c:97
JM/CF/Scripts/5_Mission/communityframework\mission\missionserver.c:58
DeathMatch/Scripts/5_Mission/mission\missionserver.c:264
scripts/3_Game/dayzgame.c:2881
JM/CF/Scripts/3_Game/communityframework\game\dayzgame.c:23
VPPAdminTools/3_Game/vppadmintools\vanillaplusplus.c:211
SCRIPT    (E): NULL pointer to instance when trying to access variable 'm_healthOutOfZoneDmg' (Parent instance is null)
Class:      'SurvivorBase'
Entity name:'76561199221059231' id:3003550

Function: 'DM_RefillStats'
Stack trace:
DeathMatch/Scripts/4_World/playerbase.c:257
DeathMatch/Scripts/4_World/playerbase.c:75
scripts/4_World/entities\manbase\playerbase.c:2793
scripts/5_Mission/mission\missionserver.c:716
scripts/5_Mission/mission\missionserver.c:97
JM/CF/Scripts/5_Mission/communityframework\mission\missionserver.c:58
DeathMatch/Scripts/5_Mission/mission\missionserver.c:264
scripts/3_Game/dayzgame.c:2881
JM/CF/Scripts/3_Game/communityframework\game\dayzgame.c:23
VPPAdminTools/3_Game/vppadmintools\vanillaplusplus.c:211
SCRIPT    (E): NULL pointer to instance when trying to access variable 'm_deadBodyDespawnTime' (Parent instance is null)
Class:      'SurvivorBase'
Entity id:3003550

Function: 'EEKilled'
Stack trace:
DeathMatch/Scripts/4_World/playerbase.c:181
SCRIPT    (E): NULL pointer to instance when trying to access variable 'm_clearDroppedItemsOnGround' (Parent instance is null)
Class:      'SurvivorBase'
Entity id:3003550

Function: 'DM_ClearItems'
Stack trace:
DeathMatch/Scripts/4_World/playerbase.c:349
DeathMatch/Scripts/4_World/playerbase.c:78
scripts/4_World/entities\manbase\playerbase.c:2793
scripts/5_Mission/mission\missionserver.c:716
scripts/5_Mission/mission\missionserver.c:97
JM/CF/Scripts/5_Mission/communityframework\mission\missionserver.c:58
DeathMatch/Scripts/5_Mission/mission\missionserver.c:264
scripts/3_Game/dayzgame.c:2881
JM/CF/Scripts/3_Game/communityframework\game\dayzgame.c:23
VPPAdminTools/3_Game/vppadmintools\vanillaplusplus.c:211
SCRIPT       : [DM] Start database saving...
SCRIPT       : [DM] Finish database saving...OK 1
SCRIPT       : [MissionServer] OnMissionFinish - Server
SCRIPT       : ~DayZGame()
